C51 COMPILER V7.02a   IF                                                                   01/09/2019 17:00:23 PAGE 1   


C51 COMPILER V7.02a, COMPILATION OF MODULE IF
OBJECT MODULE PLACED IN if.OBJ
COMPILER INVOKED BY: D:\ProgramFiles\C51\BIN\C51.EXE if.c BROWSE DEBUG OBJECTEXTEND

stmt level    source

   1          int main(){
   2   1      int R1 = 0;
   3   1              if(R1 >= 1 && R1 <= 9){
   4   2                      R1 = 2;
   5   2              }
   6   1      }


MODULE INFORMATION:   STATIC OVERLAYABLE
   CODE SIZE        =     25    ----
   CONSTANT SIZE    =   ----    ----
   XDATA SIZE       =   ----    ----
   PDATA SIZE       =   ----    ----
   DATA SIZE        =   ----    ----
   IDATA SIZE       =   ----    ----
   BIT SIZE         =   ----    ----
END OF MODULE INFORMATION.


C51 COMPILATION COMPLETE.  0 WARNING(S),  0 ERROR(S)
